27-Jul-2022 15:00:36.285 INFO [main] org.apache.catalina.startup.VersionLoggerListener.log 서버 버전 이름:    Apache Tomcat/9.0.64
27-Jul-2022 15:00:36.288 INFO [main] org.apache.catalina.startup.VersionLoggerListener.log Server 빌드 시각:  Jun 2 2022 19:08:46 UTC
27-Jul-2022 15:00:36.288 INFO [main] org.apache.catalina.startup.VersionLoggerListener.log Server 버전 번호:  9.0.64.0
27-Jul-2022 15:00:36.288 INFO [main] org.apache.catalina.startup.VersionLoggerListener.log 운영체제 이름:     Windows 10
27-Jul-2022 15:00:36.289 INFO [main] org.apache.catalina.startup.VersionLoggerListener.log 운영체제 버전:     10.0
27-Jul-2022 15:00:36.289 INFO [main] org.apache.catalina.startup.VersionLoggerListener.log 아키텍처:          amd64
27-Jul-2022 15:00:36.289 INFO [main] org.apache.catalina.startup.VersionLoggerListener.log 자바 홈:           C:\Program Files\Java\jdk-13.0.2
27-Jul-2022 15:00:36.289 INFO [main] org.apache.catalina.startup.VersionLoggerListener.log JVM 버전:          13.0.2+8
27-Jul-2022 15:00:36.289 INFO [main] org.apache.catalina.startup.VersionLoggerListener.log JVM 벤더:          Oracle Corporation
27-Jul-2022 15:00:36.289 INFO [main] org.apache.catalina.startup.VersionLoggerListener.log CATALINA_BASE:     C:\Users\MYCOM\Dropbox\PC\Music\221025\workspace\Tomcat_9
27-Jul-2022 15:00:36.289 INFO [main] org.apache.catalina.startup.VersionLoggerListener.log CATALINA_HOME:     C:\Users\MYCOM\Dropbox\PC\Music\221025\workspace\Tomcat_9
27-Jul-2022 15:00:36.308 INFO [main] org.apache.catalina.startup.VersionLoggerListener.log 명령 행 아규먼트:  -Djava.util.logging.config.file=c:\Users\MYCOM\Dropbox\PC\Music\221025\workspace\Tomcat_9/conf/logging.properties
27-Jul-2022 15:00:36.308 INFO [main] org.apache.catalina.startup.VersionLoggerListener.log 명령 행 아규먼트:  -Djava.util.logging.manager=org.apache.juli.ClassLoaderLogManager
27-Jul-2022 15:00:36.308 INFO [main] org.apache.catalina.startup.VersionLoggerListener.log 명령 행 아규먼트:  -Djdk.tls.ephemeralDHKeySize=2048
27-Jul-2022 15:00:36.308 INFO [main] org.apache.catalina.startup.VersionLoggerListener.log 명령 행 아규먼트:  -Djava.protocol.handler.pkgs=org.apache.catalina.webresources
27-Jul-2022 15:00:36.309 INFO [main] org.apache.catalina.startup.VersionLoggerListener.log 명령 행 아규먼트:  -Dorg.apache.catalina.security.SecurityListener.UMASK=0027
27-Jul-2022 15:00:36.309 INFO [main] org.apache.catalina.startup.VersionLoggerListener.log 명령 행 아규먼트:  -Dcatalina.base=c:\Users\MYCOM\Dropbox\PC\Music\221025\workspace\Tomcat_9
27-Jul-2022 15:00:36.309 INFO [main] org.apache.catalina.startup.VersionLoggerListener.log 명령 행 아규먼트:  -Dcatalina.home=c:\Users\MYCOM\Dropbox\PC\Music\221025\workspace\Tomcat_9
27-Jul-2022 15:00:36.309 INFO [main] org.apache.catalina.startup.VersionLoggerListener.log 명령 행 아규먼트:  -Djava.io.tmpdir=c:\Users\MYCOM\Dropbox\PC\Music\221025\workspace\Tomcat_9/temp
27-Jul-2022 15:00:36.326 INFO [main] org.apache.catalina.core.AprLifecycleListener.lifecycleEvent 프로덕션 환경들에서 최적의 성능을 제공하는, APR 기반 Apache Tomcat Native 라이브러리가, 다음 java.library.path에서 발견되지 않습니다: [C:\Program Files\Java\jdk-13.0.2\bin;C:\WINDOWS\Sun\Java\bin;C:\WINDOWS\system32;C:\WINDOWS;C:\app\MYCOM\product\18.0.0\dbhomeXE\bin;C:\oraclexe\app\oracle\product\11.2.0\server\bin;C:\Windows\system32;C:\Windows;C:\Windows\System32\Wbem;C:\Windows\System32\WindowsPowerShell\v1.0\;C:\Windows\System32\OpenSSH\;C:\Program Files (x86)\NVIDIA Corporation\PhysX\Common;C:\Program Files\NVIDIA Corporation\NVIDIA NvDLISR;C:\Program Files\Common Files\Autodesk Shared\;C:\Program Files (x86)\Autodesk\Backburner\;C:\WINDOWS\system32;C:\WINDOWS;C:\WINDOWS\System32\Wbem;C:\WINDOWS\System32\WindowsPowerShell\v1.0\;C:\WINDOWS\System32\OpenSSH\;C:\Program Files\WIDCOMM\Bluetooth Software\;C:\Program Files\WIDCOMM\Bluetooth Software\syswow64;C:\Program Files\MySQL\MySQL Server 8.0\bin;C:\Program Files\PuTTY\;C:\Program Files\Java\jdk1.8.0_212\bin;C:\Program Files\Git\cmd;C:\Program Files\nodejs\;C:\Users\MYCOM\AppData\Local\Programs\Python\Python310;C:\Users\MYCOM\AppData\Local\Programs\Python\Python310\Scripts;C:\mingw64\bin;C:\Program Files\MySQL\MySQL Shell 8.0\bin\;C:\Users\MYCOM\AppData\Local\Microsoft\WindowsApps;C:\Users\MYCOM\AppData\Local\Programs\Microsoft VS Code\bin;C:\Program Files\JetBrains\IntelliJ IDEA 2021.3.2\bin;;C:\Users\MYCOM\AppData\Roaming\npm;C:\Program Files\Java\jdk-13.0.2\bin;;.]
27-Jul-2022 15:00:36.643 INFO [main] org.apache.coyote.AbstractProtocol.init 프로토콜 핸들러 ["http-nio-8080"]을(를) 초기화합니다.
27-Jul-2022 15:00:36.691 INFO [main] org.apache.catalina.startup.Catalina.load [577] 밀리초 내에 서버가 초기화되었습니다.
27-Jul-2022 15:00:36.739 INFO [main] org.apache.catalina.core.StandardService.startInternal 서비스 [Catalina]을(를) 시작합니다.
27-Jul-2022 15:00:36.739 INFO [main] org.apache.catalina.core.StandardEngine.startInternal 서버 엔진을 시작합니다: [Apache Tomcat/9.0.64]
27-Jul-2022 15:00:36.750 INFO [main] org.apache.catalina.startup.HostConfig.deployDirectory 웹 애플리케이션 디렉토리 [C:\Users\MYCOM\Dropbox\PC\Music\221025\workspace\Tomcat_9\webapps\docs]을(를) 배치합니다.
27-Jul-2022 15:00:37.164 INFO [main] org.apache.catalina.startup.HostConfig.deployDirectory 웹 애플리케이션 디렉토리 [C:\Users\MYCOM\Dropbox\PC\Music\221025\workspace\Tomcat_9\webapps\docs]에 대한 배치가 [411] 밀리초에 완료되었습니다.
27-Jul-2022 15:00:37.165 INFO [main] org.apache.catalina.startup.HostConfig.deployDirectory 웹 애플리케이션 디렉토리 [C:\Users\MYCOM\Dropbox\PC\Music\221025\workspace\Tomcat_9\webapps\examples]을(를) 배치합니다.
27-Jul-2022 15:00:37.731 INFO [main] org.apache.catalina.startup.HostConfig.deployDirectory 웹 애플리케이션 디렉토리 [C:\Users\MYCOM\Dropbox\PC\Music\221025\workspace\Tomcat_9\webapps\examples]에 대한 배치가 [566] 밀리초에 완료되었습니다.
27-Jul-2022 15:00:37.733 INFO [main] org.apache.catalina.startup.HostConfig.deployDirectory 웹 애플리케이션 디렉토리 [C:\Users\MYCOM\Dropbox\PC\Music\221025\workspace\Tomcat_9\webapps\host-manager]을(를) 배치합니다.
27-Jul-2022 15:00:37.785 INFO [main] org.apache.catalina.startup.HostConfig.deployDirectory 웹 애플리케이션 디렉토리 [C:\Users\MYCOM\Dropbox\PC\Music\221025\workspace\Tomcat_9\webapps\host-manager]에 대한 배치가 [53] 밀리초에 완료되었습니다.
27-Jul-2022 15:00:37.786 INFO [main] org.apache.catalina.startup.HostConfig.deployDirectory 웹 애플리케이션 디렉토리 [C:\Users\MYCOM\Dropbox\PC\Music\221025\workspace\Tomcat_9\webapps\manager]을(를) 배치합니다.
27-Jul-2022 15:00:37.837 INFO [main] org.apache.catalina.startup.HostConfig.deployDirectory 웹 애플리케이션 디렉토리 [C:\Users\MYCOM\Dropbox\PC\Music\221025\workspace\Tomcat_9\webapps\manager]에 대한 배치가 [51] 밀리초에 완료되었습니다.
27-Jul-2022 15:00:37.838 INFO [main] org.apache.catalina.startup.HostConfig.deployDirectory 웹 애플리케이션 디렉토리 [C:\Users\MYCOM\Dropbox\PC\Music\221025\workspace\Tomcat_9\webapps\ROOT]을(를) 배치합니다.
27-Jul-2022 15:00:37.877 INFO [main] org.apache.catalina.startup.HostConfig.deployDirectory 웹 애플리케이션 디렉토리 [C:\Users\MYCOM\Dropbox\PC\Music\221025\workspace\Tomcat_9\webapps\ROOT]에 대한 배치가 [38] 밀리초에 완료되었습니다.
27-Jul-2022 15:00:37.881 INFO [main] org.apache.coyote.AbstractProtocol.start 프로토콜 핸들러 ["http-nio-8080"]을(를) 시작합니다.
27-Jul-2022 15:00:38.040 INFO [main] org.apache.catalina.startup.Catalina.start 서버가 [1348] 밀리초 내에 시작되었습니다.
27-Jul-2022 15:00:38.045 SEVERE [main] org.apache.catalina.core.StandardServer.await 주소 [localhost]와(과) 포트 [8005]에, 서버 셧다운 소켓을 생성하지 못했습니다. (base 포트 [8005], offset [0])
	java.net.BindException: Address already in use: bind
		at java.base/sun.nio.ch.Net.bind0(Native Method)
		at java.base/sun.nio.ch.Net.bind(Net.java:469)
		at java.base/sun.nio.ch.Net.bind(Net.java:458)
		at java.base/sun.nio.ch.NioSocketImpl.bind(NioSocketImpl.java:643)
		at java.base/java.net.ServerSocket.bind(ServerSocket.java:374)
		at java.base/java.net.ServerSocket.<init>(ServerSocket.java:260)
		at org.apache.catalina.core.StandardServer.await(StandardServer.java:580)
		at org.apache.catalina.startup.Catalina.await(Catalina.java:864)
		at org.apache.catalina.startup.Catalina.start(Catalina.java:810)
		at java.base/jdk.internal.reflect.NativeMethodAccessorImpl.invoke0(Native Method)
		at java.base/jdk.internal.reflect.NativeMethodAccessorImpl.invoke(NativeMethodAccessorImpl.java:62)
		at java.base/jdk.internal.reflect.DelegatingMethodAccessorImpl.invoke(DelegatingMethodAccessorImpl.java:43)
		at java.base/java.lang.reflect.Method.invoke(Method.java:567)
		at org.apache.catalina.startup.Bootstrap.start(Bootstrap.java:345)
		at org.apache.catalina.startup.Bootstrap.main(Bootstrap.java:476)
27-Jul-2022 15:00:38.046 INFO [main] org.apache.coyote.AbstractProtocol.pause 프로토콜 핸들러 ["http-nio-8080"]을(를) 일시 정지 중
27-Jul-2022 15:00:38.111 INFO [main] org.apache.catalina.core.StandardService.stopInternal 서비스 [Catalina]을(를) 중지시킵니다.
27-Jul-2022 15:00:38.130 INFO [main] org.apache.coyote.AbstractProtocol.stop 프로토콜 핸들러 ["http-nio-8080"]을(를) 중지시킵니다.
27-Jul-2022 15:00:38.146 INFO [main] org.apache.coyote.AbstractProtocol.destroy 프로토콜 핸들러 ["http-nio-8080"]을(를) 소멸시킵니다.
