18-Aug-2022 22:26:57.736 INFO [main] org.apache.catalina.startup.VersionLoggerListener.log Server version name:   Apache Tomcat/9.0.64
18-Aug-2022 22:26:57.740 INFO [main] org.apache.catalina.startup.VersionLoggerListener.log Server built:          Jun 2 2022 19:08:46 UTC
18-Aug-2022 22:26:57.741 INFO [main] org.apache.catalina.startup.VersionLoggerListener.log Server version number: 9.0.64.0
18-Aug-2022 22:26:57.741 INFO [main] org.apache.catalina.startup.VersionLoggerListener.log OS Name:               Windows 10
18-Aug-2022 22:26:57.741 INFO [main] org.apache.catalina.startup.VersionLoggerListener.log OS Version:            10.0
18-Aug-2022 22:26:57.741 INFO [main] org.apache.catalina.startup.VersionLoggerListener.log Architecture:          amd64
18-Aug-2022 22:26:57.741 INFO [main] org.apache.catalina.startup.VersionLoggerListener.log Java Home:             C:\Program Files\Java\jdk-18.0.2
18-Aug-2022 22:26:57.742 INFO [main] org.apache.catalina.startup.VersionLoggerListener.log JVM Version:           18.0.2+9-61
18-Aug-2022 22:26:57.742 INFO [main] org.apache.catalina.startup.VersionLoggerListener.log JVM Vendor:            Oracle Corporation
18-Aug-2022 22:26:57.742 INFO [main] org.apache.catalina.startup.VersionLoggerListener.log CATALINA_BASE:         C:\Users\MYCOM\Dropbox\PC\Music\221025\workspace\Tomcat_9
18-Aug-2022 22:26:57.742 INFO [main] org.apache.catalina.startup.VersionLoggerListener.log CATALINA_HOME:         C:\Users\MYCOM\Dropbox\PC\Music\221025\workspace\Tomcat_9
18-Aug-2022 22:26:57.757 INFO [main] org.apache.catalina.startup.VersionLoggerListener.log Command line argument: --add-opens=java.base/java.lang=ALL-UNNAMED
18-Aug-2022 22:26:57.757 INFO [main] org.apache.catalina.startup.VersionLoggerListener.log Command line argument: --add-opens=java.base/java.io=ALL-UNNAMED
18-Aug-2022 22:26:57.757 INFO [main] org.apache.catalina.startup.VersionLoggerListener.log Command line argument: --add-opens=java.base/java.util=ALL-UNNAMED
18-Aug-2022 22:26:57.757 INFO [main] org.apache.catalina.startup.VersionLoggerListener.log Command line argument: --add-opens=java.base/java.util.concurrent=ALL-UNNAMED
18-Aug-2022 22:26:57.757 INFO [main] org.apache.catalina.startup.VersionLoggerListener.log Command line argument: --add-opens=java.rmi/sun.rmi.transport=ALL-UNNAMED
18-Aug-2022 22:26:57.758 INFO [main] org.apache.catalina.startup.VersionLoggerListener.log Command line argument: -Djava.util.logging.config.file=C:\Users\MYCOM\Dropbox\PC\Music\221025\workspace\Tomcat_9\conf\logging.properties
18-Aug-2022 22:26:57.758 INFO [main] org.apache.catalina.startup.VersionLoggerListener.log Command line argument: -Djava.util.logging.manager=org.apache.juli.ClassLoaderLogManager
18-Aug-2022 22:26:57.759 INFO [main] org.apache.catalina.startup.VersionLoggerListener.log Command line argument: -Djdk.tls.ephemeralDHKeySize=2048
18-Aug-2022 22:26:57.759 INFO [main] org.apache.catalina.startup.VersionLoggerListener.log Command line argument: -Djava.protocol.handler.pkgs=org.apache.catalina.webresources
18-Aug-2022 22:26:57.759 INFO [main] org.apache.catalina.startup.VersionLoggerListener.log Command line argument: -Dignore.endorsed.dirs=
18-Aug-2022 22:26:57.760 INFO [main] org.apache.catalina.startup.VersionLoggerListener.log Command line argument: -Dcatalina.base=C:\Users\MYCOM\Dropbox\PC\Music\221025\workspace\Tomcat_9
18-Aug-2022 22:26:57.760 INFO [main] org.apache.catalina.startup.VersionLoggerListener.log Command line argument: -Dcatalina.home=C:\Users\MYCOM\Dropbox\PC\Music\221025\workspace\Tomcat_9
18-Aug-2022 22:26:57.760 INFO [main] org.apache.catalina.startup.VersionLoggerListener.log Command line argument: -Djava.io.tmpdir=C:\Users\MYCOM\Dropbox\PC\Music\221025\workspace\Tomcat_9\temp
18-Aug-2022 22:26:57.768 INFO [main] org.apache.catalina.core.AprLifecycleListener.lifecycleEvent The Apache Tomcat Native library which allows using OpenSSL was not found on the java.library.path: [C:\Program Files\Java\jdk-18.0.2\bin;C:\WINDOWS\Sun\Java\bin;C:\WINDOWS\system32;C:\WINDOWS;C:\Program Files\Zulu\zulu-18\bin\;D:\app\MYCOM\product\18.0.0\dbhomeXE\bin;C:\Program Files\Common Files\Oracle\Java\javapath;C:\WINDOWS\system32;C:\WINDOWS;C:\WINDOWS\System32\Wbem;C:\WINDOWS\System32\WindowsPowerShell\v1.0\;C:\WINDOWS\System32\OpenSSH\;C:\Program Files\Git\cmd;C:\Program Files (x86)\NVIDIA Corporation\PhysX\Common;C:\Program Files\NVIDIA Corporation\NVIDIA NvDLISR;C:\MinGW\bin;C:\Program Files\nodejs\;C:\Program Files\Java\jdk-17.0.2;C:\Users\MYCOM\Dropbox\PC\Music\221025\apache-maven-3.8.6\bin;C:\ProgramData\chocolatey\bin;C:\Users\MYCOM\AppData\Local\Programs\Python\Python310\Scripts\;C:\Users\MYCOM\AppData\Local\Programs\Python\Python310\;C:\Users\MYCOM\AppData\Local\Programs\Python\Python39\Scripts\;C:\Users\MYCOM\AppData\Local\Programs\Python\Python39\;C:\Users\MYCOM\AppData\Local\Microsoft\WindowsApps;c:\Users\MYCOM\AppData\Local\Programs\Microsoft VS Code\bin;C:\Users\MYCOM\AppData\Roaming\npm;C:\Users\MYCOM\AppData\Local\GitHubDesktop\bin;.]
18-Aug-2022 22:26:58.019 INFO [main] org.apache.coyote.AbstractProtocol.init Initializing ProtocolHandler ["http-nio-8080"]
18-Aug-2022 22:26:58.040 INFO [main] org.apache.catalina.startup.Catalina.load Server initialization in [467] milliseconds
18-Aug-2022 22:26:58.076 INFO [main] org.apache.catalina.core.StandardService.startInternal Starting service [Catalina]
18-Aug-2022 22:26:58.077 INFO [main] org.apache.catalina.core.StandardEngine.startInternal Starting Servlet engine: [Apache Tomcat/9.0.64]
18-Aug-2022 22:26:58.091 INFO [main] org.apache.catalina.startup.HostConfig.deployWAR Deploying web application archive [C:\Users\MYCOM\Dropbox\PC\Music\221025\workspace\Tomcat_9\webapps\HelloJSP.war]
18-Aug-2022 22:26:58.345 INFO [main] org.apache.catalina.startup.HostConfig.deployWAR Deployment of web application archive [C:\Users\MYCOM\Dropbox\PC\Music\221025\workspace\Tomcat_9\webapps\HelloJSP.war] has finished in [253] ms
18-Aug-2022 22:26:58.346 INFO [main] org.apache.catalina.startup.HostConfig.deployDirectory Deploying web application directory [C:\Users\MYCOM\Dropbox\PC\Music\221025\workspace\Tomcat_9\webapps\docs]
18-Aug-2022 22:26:58.377 INFO [main] org.apache.catalina.startup.HostConfig.deployDirectory Deployment of web application directory [C:\Users\MYCOM\Dropbox\PC\Music\221025\workspace\Tomcat_9\webapps\docs] has finished in [31] ms
18-Aug-2022 22:26:58.377 INFO [main] org.apache.catalina.startup.HostConfig.deployDirectory Deploying web application directory [C:\Users\MYCOM\Dropbox\PC\Music\221025\workspace\Tomcat_9\webapps\examples]
18-Aug-2022 22:26:58.812 INFO [main] org.apache.catalina.startup.HostConfig.deployDirectory Deployment of web application directory [C:\Users\MYCOM\Dropbox\PC\Music\221025\workspace\Tomcat_9\webapps\examples] has finished in [435] ms
18-Aug-2022 22:26:58.812 INFO [main] org.apache.catalina.startup.HostConfig.deployDirectory Deploying web application directory [C:\Users\MYCOM\Dropbox\PC\Music\221025\workspace\Tomcat_9\webapps\host-manager]
18-Aug-2022 22:26:58.857 INFO [main] org.apache.catalina.startup.HostConfig.deployDirectory Deployment of web application directory [C:\Users\MYCOM\Dropbox\PC\Music\221025\workspace\Tomcat_9\webapps\host-manager] has finished in [45] ms
18-Aug-2022 22:26:58.857 INFO [main] org.apache.catalina.startup.HostConfig.deployDirectory Deploying web application directory [C:\Users\MYCOM\Dropbox\PC\Music\221025\workspace\Tomcat_9\webapps\manager]
18-Aug-2022 22:26:58.901 INFO [main] org.apache.catalina.startup.HostConfig.deployDirectory Deployment of web application directory [C:\Users\MYCOM\Dropbox\PC\Music\221025\workspace\Tomcat_9\webapps\manager] has finished in [44] ms
18-Aug-2022 22:26:58.902 INFO [main] org.apache.catalina.startup.HostConfig.deployDirectory Deploying web application directory [C:\Users\MYCOM\Dropbox\PC\Music\221025\workspace\Tomcat_9\webapps\ROOT]
18-Aug-2022 22:26:58.935 INFO [main] org.apache.catalina.startup.HostConfig.deployDirectory Deployment of web application directory [C:\Users\MYCOM\Dropbox\PC\Music\221025\workspace\Tomcat_9\webapps\ROOT] has finished in [33] ms
18-Aug-2022 22:26:58.940 INFO [main] org.apache.coyote.AbstractProtocol.start Starting ProtocolHandler ["http-nio-8080"]
18-Aug-2022 22:26:58.973 INFO [main] org.apache.catalina.startup.Catalina.start Server startup in [932] milliseconds
